TN:
SF:script/Counter.s.sol
FN:7,CounterScript.setUp
FNDA:0,CounterScript.setUp
FN:9,CounterScript.run
FNDA:0,CounterScript.run
DA:10,0
FNF:2
FNH:0
LF:1
LH:0
BRF:0
BRH:0
end_of_record
TN:
SF:src/game/Level.sol
FN:59,Level.levelPXP
FNDA:0,Level.levelPXP
DA:60,0
BRDA:60,0,0,-
BRDA:60,0,1,-
DA:61,0
DA:64,0
DA:65,0
DA:66,0
DA:69,0
FN:78,Level.levelPOK
FNDA:0,Level.levelPOK
DA:79,0
FN:88,Level.levelPOKCost
FNDA:0,Level.levelPOKCost
DA:89,0
DA:90,0
DA:91,0
DA:93,0
DA:94,0
DA:95,0
DA:98,0
BRDA:98,1,0,-
BRDA:98,1,1,-
DA:99,0
DA:102,0
FN:113,Level.levelUp
FNDA:0,Level.levelUp
DA:114,0
DA:115,0
DA:116,0
DA:117,0
DA:119,0
DA:120,0
DA:123,0
DA:124,0
BRDA:124,2,0,-
BRDA:124,2,1,-
DA:125,0
DA:128,0
BRDA:128,3,0,-
BRDA:128,3,1,-
DA:129,0
DA:132,0
BRDA:132,4,0,-
BRDA:132,4,1,-
DA:133,0
DA:137,0
DA:140,0
DA:142,0
FNF:4
FNH:0
LF:32
LH:0
BRF:10
BRH:0
end_of_record
TN:
SF:src/game/NonceRegistry.sol
FN:36,NonceRegistry.has
FNDA:0,NonceRegistry.has
DA:37,0
FN:43,NonceRegistry.set
FNDA:0,NonceRegistry.set
DA:44,0
FN:50,NonceRegistry.setBatch
FNDA:0,NonceRegistry.setBatch
DA:51,0
BRDA:51,0,0,-
BRDA:51,0,1,-
DA:52,0
DA:55,0
DA:56,0
FNF:3
FNH:0
LF:6
LH:0
BRF:2
BRH:0
end_of_record
TN:
SF:src/game/Pressure.sol
FN:46,Pressure.compute
FNDA:0,Pressure.compute
DA:47,0
BRDA:47,0,0,-
BRDA:47,0,1,-
DA:48,0
DA:51,0
DA:53,0
DA:54,0
BRDA:54,1,0,-
BRDA:54,1,1,-
DA:55,0
BRDA:55,2,0,-
BRDA:55,2,1,-
DA:57,0
DA:58,0
DA:60,0
DA:61,0
DA:62,0
DA:65,0
FN:73,Pressure.priceNAT
FNDA:0,Pressure.priceNAT
DA:74,0
FN:82,Pressure.pricePOK
FNDA:0,Pressure.pricePOK
DA:83,0
FN:92,Pressure.inflate
FNDA:0,Pressure.inflate
DA:93,0
BRDA:93,3,0,-
BRDA:93,3,1,-
DA:95,0
DA:97,0
BRDA:97,4,0,-
BRDA:97,4,1,-
DA:98,0
DA:101,0
DA:102,0
BRDA:102,5,0,-
BRDA:102,5,1,-
DA:103,0
DA:107,0
DA:109,0
BRDA:109,6,0,-
BRDA:109,6,1,-
DA:110,0
DA:113,0
DA:116,0
FNF:4
FNH:0
LF:26
LH:0
BRF:14
BRH:0
end_of_record
TN:
SF:src/game/Rewards.sol
FN:81,Rewards.withdraw
FNDA:0,Rewards.withdraw
DA:82,0
DA:83,0
BRDA:83,0,0,-
BRDA:83,0,1,-
DA:84,0
FN:96,Rewards.claim
FNDA:0,Rewards.claim
DA:98,0
DA:101,0
DA:102,0
BRDA:102,1,0,-
BRDA:102,1,1,-
DA:103,0
DA:106,0
DA:109,0
BRDA:109,2,0,-
BRDA:109,2,1,-
DA:110,0
DA:114,0
BRDA:114,3,0,-
BRDA:114,3,1,-
DA:115,0
DA:119,0
BRDA:119,4,0,-
BRDA:119,4,1,-
DA:120,0
DA:121,0
DA:122,0
DA:126,0
BRDA:126,5,0,-
BRDA:126,5,1,-
DA:127,0
DA:130,0
DA:131,0
DA:134,0
DA:138,0
BRDA:138,6,0,-
BRDA:138,6,1,-
DA:140,0
BRDA:140,7,0,-
BRDA:140,7,1,-
DA:141,0
DA:144,0
DA:145,0
BRDA:145,8,0,-
BRDA:145,8,1,-
DA:146,0
DA:150,0
FNF:2
FNH:0
LF:28
LH:0
BRF:18
BRH:0
end_of_record
TN:
SF:src/mint/RefillableSale.sol
FN:87,RefillableSale.getTemplates
FNDA:1,RefillableSale.getTemplates
DA:88,1
DA:89,1
DA:91,1
DA:92,4
DA:95,1
FN:101,RefillableSale.isClosed
FNDA:257,RefillableSale.isClosed
DA:102,1794
FN:111,RefillableSale.eligible
FNDA:1537,RefillableSale.eligible
DA:112,1537
BRDA:112,0,0,1024
BRDA:112,0,1,513
DA:113,1024
DA:116,513
DA:117,513
BRDA:117,1,0,256
BRDA:117,1,1,257
DA:118,256
DA:121,257
FN:132,RefillableSale.mint
FNDA:0,RefillableSale.mint
DA:133,0
BRDA:133,2,0,-
BRDA:133,2,1,-
DA:134,0
DA:137,0
DA:139,0
BRDA:139,3,0,-
BRDA:139,3,1,-
DA:140,0
DA:143,0
BRDA:143,4,0,-
BRDA:143,4,1,-
DA:144,0
DA:148,0
DA:149,0
DA:151,0
DA:152,0
DA:153,0
DA:157,0
DA:158,0
DA:161,0
DA:162,0
BRDA:162,5,0,-
BRDA:162,5,1,-
DA:163,0
DA:166,0
FN:176,RefillableSale.restock
FNDA:769,RefillableSale.restock
DA:177,769
DA:178,769
DA:179,2308
DA:180,2308
DA:181,2308
DA:182,2308
DA:185,769
FNF:5
FNH:4
LF:37
LH:19
BRF:12
BRH:4
end_of_record
TN:
SF:src/tokens/POK.sol
FN:40,POK.mint
FNDA:0,POK.mint
DA:41,0
FN:51,POK.burn
FNDA:0,POK.burn
DA:52,0
FN:61,POK._beforeTokenTransfer
FNDA:0,POK._beforeTokenTransfer
DA:62,0
BRDA:62,0,0,-
BRDA:62,0,1,-
DA:63,0
FNF:3
FNH:0
LF:4
LH:0
BRF:2
BRH:0
end_of_record
TN:
SF:src/tokens/Pookyball.sol
FN:96,Pookyball.setContractURI
FNDA:0,Pookyball.setContractURI
DA:97,0
FN:106,Pookyball.setBaseURI
FNDA:0,Pookyball.setBaseURI
DA:107,0
FN:116,Pookyball.tokenURI
FNDA:0,Pookyball.tokenURI
DA:117,0
DA:118,0
FN:126,Pookyball.metadata
FNDA:0,Pookyball.metadata
DA:127,0
DA:128,0
FN:136,Pookyball.setERC2981Receiver
FNDA:0,Pookyball.setERC2981Receiver
DA:137,0
FN:147,Pookyball.mint
FNDA:0,Pookyball.mint
DA:153,0
BRDA:153,0,0,-
BRDA:153,0,1,-
DA:154,0
DA:157,0
DA:158,0
DA:159,0
DA:162,0
DA:165,0
DA:167,0
FN:176,Pookyball.setLevel
FNDA:0,Pookyball.setLevel
DA:177,0
DA:178,0
DA:179,0
FN:188,Pookyball.setPXP
FNDA:0,Pookyball.setPXP
DA:189,0
DA:190,0
DA:191,0
FN:198,Pookyball.fulfillRandomWords
FNDA:0,Pookyball.fulfillRandomWords
DA:199,0
DA:202,0
DA:203,0
DA:204,0
FN:216,Pookyball.supportsInterface
FNDA:0,Pookyball.supportsInterface
DA:223,0
FN:230,Pookyball.setApprovalForAll
FNDA:0,Pookyball.setApprovalForAll
DA:235,0
FN:242,Pookyball.approve
FNDA:0,Pookyball.approve
DA:247,0
FN:254,Pookyball.transferFrom
FNDA:0,Pookyball.transferFrom
DA:259,0
FN:266,Pookyball.safeTransferFrom
FNDA:0,Pookyball.safeTransferFrom
DA:271,0
FN:278,Pookyball.safeTransferFrom
FNDA:0,Pookyball.safeTransferFrom
DA:283,0
FNF:15
FNH:0
LF:31
LH:0
BRF:2
BRH:0
end_of_record
